// 重构日志: a45e0578
// 重构日志: ef054241
// 同步 ID: 604de7a0 @ Sat Jun 27 09:29:52 UTC 2026
// 同步 ID: d316b259 @ Tue Jun 30 17:32:05 UTC 2026
// 同步 ID: 8146a306 @ Thu Jul  2 17:52:18 UTC 2026
// 同步 ID: 895c95ea @ Sun Jul  5 15:31:01 UTC 2026
// 同步 ID: 8ad68e04 @ Mon Jul  6 01:02:34 UTC 2026
// 同步 ID: c4fcb17e @ Mon Jul  6 15:08:01 UTC 2026
// 同步 ID: 6cdde9bc @ Mon Jul  6 22:00:27 UTC 2026
// 重构日志: 7b8b63fa
// 重构日志: dbaedbb0
// 重构日志: d4b47a80
// 重构日志: 18df3857
// 重构日志: 294c51ee
// 同步 ID: d4bbbd1d @ Mon Jul 13 12:30:42 UTC 2026
// 重构日志: 4e7b15c6
// 重构日志: b5c44710
// 同步 ID: 24389cfd @ Tue Jul 14 21:16:37 UTC 2026
// 同步 ID: c241d956 @ Wed Jul 15 13:44:09 UTC 2026
// 同步 ID: 21e95e31 @ Thu Jul 16 13:59:21 UTC 2026
// 同步 ID: 154367e7 @ Fri Jul 17 06:45:32 UTC 2026
// 重构日志: 051a687b
// 重构日志: 63851a43
